make all --print-data-base --no-builtin-variables --no-builtin-rules --question
# GNU Make 4.3
# Built for x86_64-pc-linux-gnu
# Copyright (C) 1988-2020 Free Software Foundation, Inc.
# License GPLv3+: GNU GPL version 3 or later <http://gnu.org/licenses/gpl.html>
# This is free software: you are free to change and redistribute it.
# There is NO WARRANTY, to the extent permitted by law.

# Make data base, printed on Wed Jun  8 11:31:38 2022

# Variables

# environment
GDK_BACKEND = x11
# makefile (from 'Makefile', line 3)
AS = nasm
# environment
LC_ALL = C
# environment
GNOME_SHELL_SESSION_MODE = ubuntu
# environment
SSH_AGENT_LAUNCHER = gnome-keyring
# environment
SNAP_INSTANCE_KEY = 
# environment
GJS_DEBUG_OUTPUT = stderr
# environment
VSCODE_IPC_HOOK_EXTHOST = /run/user/1000/vscode-ipc-498b19e7-2201-4a64-88c9-248bf8960b4e.sock
# environment
LC_NAME = de_DE.UTF-8
# environment
LC_NUMERIC = de_DE.UTF-8
# environment
VSCODE_CWD = /home/dev
# environment
LC_ADDRESS = de_DE.UTF-8
# default
MAKE_COMMAND := make
# environment
QT_ACCESSIBILITY = 1
# automatic
@D = $(patsubst %/,%,$(dir $@))
# environment
SNAP_INSTANCE_NAME = code
# environment
GDK_PIXBUF_MODULEDIR = /snap/code/97/usr/lib/x86_64-linux-gnu/gdk-pixbuf-2.0/2.10.0/loaders
# environment
VSCODE_HANDLES_UNCAUGHT_ERRORS = true
# default
.VARIABLES := 
# environment
PWD = /home/dev/os
# automatic
%D = $(patsubst %/,%,$(dir $%))
# environment
XDG_DATA_DIRS = /usr/share/ubuntu:/usr/local/share/:/usr/share/:/var/lib/snapd/desktop
# automatic
^D = $(patsubst %/,%,$(dir $^))
# environment
VSCODE_LOG_STACK = false
# automatic
%F = $(notdir $%)
# environment
VSCODE_CODE_CACHE_PATH = /home/dev/.config/Code/CachedData/c3511e6c69bb39013c4a4b7b9566ec1ca73fc4d5
# environment
LANG = C
# environment
XAUTHORITY = /run/user/1000/.mutter-Xwaylandauth.CO9YN1
# default
.LOADED := 
# default
.INCLUDE_DIRS = /usr/local/include /usr/include /usr/include
# makefile
MAKEFLAGS = pqrR
# makefile
CURDIR := /home/dev/os
# environment
VSCODE_PIPE_LOGGING = true
# environment
APPLICATION_INSIGHTS_NO_DIAGNOSTIC_CHANNEL = true
# environment
LESSOPEN = | /usr/bin/lesspipe %s
# automatic
*D = $(patsubst %/,%,$(dir $*))
# environment
MFLAGS = -pqrR
# environment
SSH_AUTH_SOCK = /run/user/1000/keyring/ssh
# default
.SHELLFLAGS := -c
# environment
WAYLAND_DISPLAY = wayland-0
# environment
XDG_CONFIG_DIRS = /etc/xdg/xdg-ubuntu:/etc/xdg
# automatic
+D = $(patsubst %/,%,$(dir $+))
# environment
XDG_SESSION_DESKTOP = ubuntu
# makefile (from 'Makefile', line 1)
MAKEFILE_LIST := Makefile
# makefile (from 'Makefile', line 4)
ASFLAGS = -f elf
# environment
SNAP_REEXEC = 
# automatic
@F = $(notdir $@)
# environment
VSCODE_VERBOSE_LOGGING = true
# environment
VSCODE_PID = 96603
# environment
XDG_SESSION_TYPE = wayland
# automatic
?D = $(patsubst %/,%,$(dir $?))
# environment
BAMF_DESKTOP_FILE_HINT = /var/lib/snapd/desktop/applications/code_code.desktop
# environment
SESSION_MANAGER = local/dev-virtual-machine:@/tmp/.ICE-unix/1202,unix/dev-virtual-machine:/tmp/.ICE-unix/1202
# automatic
*F = $(notdir $*)
# environment
CHROME_DESKTOP = code-url-handler.desktop
# environment
DBUS_SESSION_BUS_ADDRESS = unix:path=/run/user/1000/bus
# automatic
<D = $(patsubst %/,%,$(dir $<))
# environment
VSCODE_NLS_CONFIG = {"locale":"en-us","availableLanguages":{},"_languagePackSupport":true}
# makefile (from 'Makefile', line 15)
obj_files := boot/boot.o lib/gui/core/direct.o lib/gui/window.o ./libc/mm.o ./libc/string.o ./kernel/fs/vfs.o ./kernel/fs/ext2.o ./kernel/int_handler.o ./kernel/irq.o ./kernel/net/ethernet.o ./kernel/net/arp.o ./kernel/net/ip.o ./kernel/platform/platform.o ./kernel/platform/smbios.o ./kernel/io.o ./kernel/debug.o ./kernel/idt.o ./kernel/panic.o ./kernel/gdt.o ./kernel/mem/pmm.o ./kernel/gdt_setup.o ./apps/desktop/desktop.o ./drivers/keyboard.o ./drivers/mouse.o ./drivers/vgacon.o ./drivers/hda.o ./drivers/pci.o ./drivers/ata.o ./drivers/rtl8139.o ./drivers/ac97.o ./drivers/rtc.o ./drivers/pit.o ./drivers/serial.o ./init/main.o
# default
MAKE_HOST := x86_64-pc-linux-gnu
# environment
GNOME_DESKTOP_SESSION_ID = this-is-deprecated
# makefile
SHELL = /bin/sh
# makefile (from 'Makefile', line 12)
QEMUFLAGS = -boot d -hda hdd.img -machine type=q35 -device AC97
# default
MAKECMDGOALS := all
# environment
XMODIFIERS = @im=ibus
# environment
GJS_DEBUG_TOPICS = JS ERROR;JS LOG
# environment
SHLVL = 0
# environment
MAKELEVEL := 0
# environment
IM_CONFIG_CHECK_ENV = 1
# default
MAKE = $(MAKE_COMMAND)
# environment
SNAP_COOKIE = J25q9FfvOTLIlBAQkkSXvpQpfunVFnTRc9UWewn4HWbI37XoCfaQ
# environment
PATH = /usr/local/sbin:/usr/local/bin:/usr/sbin:/usr/bin:/sbin:/bin:/usr/games:/usr/local/games:/snap/bin:/snap/bin
# default
MAKEFILES := 
# environment
LANGUAGE = en_US:
# environment
LC_MONETARY = de_DE.UTF-8
# automatic
^F = $(notdir $^)
# environment
SNAP_USER_COMMON = /home/dev/snap/code/common
# environment
LC_TIME = de_DE.UTF-8
# environment
SNAP = /snap/code/97
# environment
INVOCATION_ID = 4e2e318018694b698b5449c49b371662
# environment
SNAP_REVISION = 97
# environment
SNAP_REAL_HOME = /home/dev
# environment
VSCODE_LOG_NATIVE = false
# environment
USERNAME = dev
# environment
GNOME_SETUP_DISPLAY = :1
# environment
LC_TELEPHONE = de_DE.UTF-8
# environment
LESSCLOSE = /usr/bin/lesspipe %s %s
# automatic
?F = $(notdir $?)
# environment
XDG_CURRENT_DESKTOP = Unity
# environment
LS_COLORS = 
# automatic
+F = $(notdir $+)
# environment
DESKTOP_SESSION = ubuntu
# environment
ORIGINAL_XDG_CURRENT_DESKTOP = ubuntu:GNOME
# 'override' directive
GNUMAKEFLAGS := 
# environment
LOGNAME = dev
# environment
GIO_LAUNCHED_DESKTOP_FILE = /var/lib/snapd/desktop/applications/code_code.desktop
# environment
SNAP_ARCH = amd64
# makefile
.DEFAULT_GOAL := all
# environment
SYSTEMD_EXEC_PID = 1218
# makefile (from 'Makefile', line 9)
QEMU = ../qemu/build/qemu-system-i386
# environment
DISPLAY = :0
# environment
USER = dev
# environment
GTK_MODULES = gail:atk-bridge
# default
MAKE_VERSION := 4.3
# environment
DISABLE_WAYLAND = 1
# environment
SNAP_DATA = /var/snap/code/97
# environment
SNAP_CONTEXT = J25q9FfvOTLIlBAQkkSXvpQpfunVFnTRc9UWewn4HWbI37XoCfaQ
# makefile (from 'Makefile', line 6)
LDFLAGS = -melf_i386
# environment
MANAGERPID = 1097
# environment
LC_MEASUREMENT = de_DE.UTF-8
# environment
GIO_LAUNCHED_DESKTOP_FILE_PID = 96556
# environment
_ = /snap/code/97/usr/share/code/code
# environment
LC_PAPER = de_DE.UTF-8
# environment
XDG_RUNTIME_DIR = /run/user/1000
# makefile (from 'Makefile', line 2)
CFLAGS = -m32 -Iinclude -Iinclude/lib -nostdlib -fno-builtin -fno-exceptions -fno-leading-underscore -Wno-write-strings -Ofast -c
# environment
GDK_PIXBUF_MODULE_FILE = /home/dev/snap/code/common/.cache/gdk-pixbuf-loaders.cache
# environment
JOURNAL_STREAM = 8:40288
# environment
XDG_SESSION_CLASS = user
# environment
VSCODE_AMD_ENTRYPOINT = vs/workbench/api/node/extensionHostProcess
# environment
HOME = /home/dev
# environment
QT_IM_MODULE = ibus
# environment
ELECTRON_RUN_AS_NODE = 1
# environment
VSCODE_IPC_HOOK = /run/user/1000/vscode-382e5fbe-1.67.2-main.sock
# environment
SNAP_NAME = code
# environment
GSETTINGS_SCHEMA_DIR = /snap/code/97/usr/share/glib-2.0/schemas
# environment
IM_CONFIG_PHASE = 1
# default
.RECIPEPREFIX := 
# automatic
<F = $(notdir $<)
# environment
SNAP_VERSION = c3511e6c
# default
SUFFIXES := 
# makefile (from 'Makefile', line 5)
LD = ld
# environment
VSCODE_CLI = 1
# environment
ELECTRON_NO_ATTACH_CONSOLE = 1
# environment
SNAP_COMMON = /var/snap/code/common
# default
.FEATURES := target-specific order-only second-expansion else-if shortest-stem undefine oneshell nocomment grouped-target extra-prereqs archives jobserver output-sync check-symlink load
 
# makefile (from 'Makefile', line 1)
CC = gcc
# environment
SNAP_USER_DATA = /home/dev/snap/code/97
# environment
XDG_MENU_PREFIX = gnome-
# environment
GDMSESSION = ubuntu
# environment
LC_IDENTIFICATION = de_DE.UTF-8
# environment
SNAP_LIBRARY_PATH = /var/lib/snapd/lib/gl:/var/lib/snapd/lib/gl32:/var/lib/snapd/void
# variable set hash-table stats:
# Load=141/1024=14%, Rehash=0, Collisions=6/172=3%

# Pattern-specific Variable Values

# No pattern-specific variable values.

# Directories

# kernel (device 2051, inode 192): 22 files, no impossibilities.
# kernel/platform (device 2051, inode 211): 6 files, no impossibilities so far.
# lib/gui/core (device 2051, inode 216): 4 files, no impossibilities so far.
# kernel/mem (device 2051, inode 203): 4 files, no impossibilities so far.
# boot (device 2051, inode 122): 4 files, no impossibilities.
# kernel/net (device 2051, inode 205): 9 files, no impossibilities so far.
# init (device 2051, inode 190): 4 files, no impossibilities.
# kernel/fs (device 2051, inode 194): 6 files, no impossibilities so far.
# apps/desktop (device 2051, inode 107): 10 files, no impossibilities so far.
# . (device 2051, inode 59): 26 files, no impossibilities.
# lib/gui (device 2051, inode 215): 6 files, no impossibilities so far.
# drivers (device 2051, inode 129): 23 files, no impossibilities so far.
# libc (device 2051, inode 221): 7 files, no impossibilities so far.

# 131 files, no impossibilities in 13 directories.

# Implicit Rules

%.o: %.c
#  recipe to execute (from 'Makefile', line 20):
	$(CC) $(CFLAGS) $< -o $@

%.o: %.asm
#  recipe to execute (from 'Makefile', line 23):
	$(AS) $(ASFLAGS) $< -o $@

# 2 implicit rules, 0 (0.0%) terminal.
# Files

# Not a target:
kernel/fs/vfs.c:
#  Implicit rule search has been done.
#  Last modified 2022-06-06 21:07:10.399315934
#  File has been updated.
#  Successfully updated.

# Not a target:
apps/desktop/desktop.c:
#  Implicit rule search has been done.
#  Last modified 2022-06-06 21:07:10.29531679
#  File has been updated.
#  Successfully updated.

kernel/fs/vfs.o: kernel/fs/vfs.c
#  Implicit rule search has been done.
#  Implicit/static pattern stem: 'kernel/fs/vfs'
#  Last modified 2022-06-08 11:06:52.339611902
#  File has been updated.
#  Successfully updated.
#  recipe to execute (from 'Makefile', line 20):
	$(CC) $(CFLAGS) $< -o $@

kernel/fs/ext2.o: kernel/fs/ext2.c
#  Implicit rule search has been done.
#  Implicit/static pattern stem: 'kernel/fs/ext2'
#  Last modified 2022-06-08 11:06:52.351611745
#  File has been updated.
#  Successfully updated.
#  recipe to execute (from 'Makefile', line 20):
	$(CC) $(CFLAGS) $< -o $@

drivers/pci.o: drivers/pci.c
#  Implicit rule search has been done.
#  Implicit/static pattern stem: 'drivers/pci'
#  Last modified 2022-06-08 11:06:52.635608008
#  File has been updated.
#  Successfully updated.
#  recipe to execute (from 'Makefile', line 20):
	$(CC) $(CFLAGS) $< -o $@

# Not a target:
kernel/io.c:
#  Implicit rule search has been done.
#  Last modified 2022-06-06 21:07:10.399315934
#  File has been updated.
#  Successfully updated.

kernel/io.o: kernel/io.c
#  Implicit rule search has been done.
#  Implicit/static pattern stem: 'kernel/io'
#  Last modified 2022-06-08 11:06:52.40361106
#  File has been updated.
#  Successfully updated.
#  recipe to execute (from 'Makefile', line 20):
	$(CC) $(CFLAGS) $< -o $@

# Not a target:
kernel/net/ethernet.c:
#  Implicit rule search has been done.
#  Last modified 2022-06-06 21:07:10.399315934
#  File has been updated.
#  Successfully updated.

# Not a target:
lib/gui/window.c:
#  Implicit rule search has been done.
#  Last modified 2022-06-06 21:07:10.399315934
#  File has been updated.
#  Successfully updated.

kernel/mem/pmm.o: kernel/mem/pmm.c
#  Implicit rule search has been done.
#  Implicit/static pattern stem: 'kernel/mem/pmm'
#  Last modified 2022-06-08 11:06:52.471610166
#  File has been updated.
#  Successfully updated.
#  recipe to execute (from 'Makefile', line 20):
	$(CC) $(CFLAGS) $< -o $@

# Not a target:
drivers/pci.c:
#  Implicit rule search has been done.
#  Last modified 2022-06-07 13:51:57.949825616
#  File has been updated.
#  Successfully updated.

# Not a target:
Makefile:
#  Implicit rule search has been done.
#  Last modified 2022-06-08 11:22:18.513837747
#  File has been updated.
#  Successfully updated.

# Not a target:
drivers/ac97.c:
#  Implicit rule search has been done.
#  Last modified 2022-06-08 10:06:35.223024302
#  File has been updated.
#  Successfully updated.

drivers/rtc.o: drivers/rtc.c
#  Implicit rule search has been done.
#  Implicit/static pattern stem: 'drivers/rtc'
#  Last modified 2022-06-08 11:06:52.735606693
#  File has been updated.
#  Successfully updated.
#  recipe to execute (from 'Makefile', line 20):
	$(CC) $(CFLAGS) $< -o $@

# Not a target:
kernel/net/arp.c:
#  Implicit rule search has been done.
#  Last modified 2022-06-06 21:07:10.399315934
#  File has been updated.
#  Successfully updated.

# Not a target:
kernel/debug.c:
#  Implicit rule search has been done.
#  Last modified 2022-06-06 21:07:10.399315934
#  File has been updated.
#  Successfully updated.

# Not a target:
lib/gui/core/direct.c:
#  Implicit rule search has been done.
#  Last modified 2022-06-06 21:07:10.399315934
#  File has been updated.
#  Successfully updated.

# Not a target:
drivers/keyboard.c:
#  Implicit rule search has been done.
#  Last modified 2022-06-06 21:07:10.331316493
#  File has been updated.
#  Successfully updated.

kernel/net/ip.o: kernel/net/ip.c
#  Implicit rule search has been done.
#  Implicit/static pattern stem: 'kernel/net/ip'
#  Last modified 2022-06-08 11:06:52.383611324
#  File has been updated.
#  Successfully updated.
#  recipe to execute (from 'Makefile', line 20):
	$(CC) $(CFLAGS) $< -o $@

apps/desktop/desktop.o: apps/desktop/desktop.c
#  Implicit rule search has been done.
#  Implicit/static pattern stem: 'apps/desktop/desktop'
#  Last modified 2022-06-08 11:06:53.107601797
#  File has been updated.
#  Successfully updated.
#  recipe to execute (from 'Makefile', line 20):
	$(CC) $(CFLAGS) $< -o $@

libc/mm.o: libc/mm.c
#  Implicit rule search has been done.
#  Implicit/static pattern stem: 'libc/mm'
#  Last modified 2022-06-08 11:06:52.307612323
#  File has been updated.
#  Successfully updated.
#  recipe to execute (from 'Makefile', line 20):
	$(CC) $(CFLAGS) $< -o $@

clean:
#  Implicit rule search has not been done.
#  Modification time never checked.
#  File has not been updated.
#  recipe to execute (from 'Makefile', line 35):
	rm -f $(obj_files)
	rm -f *.iso*
	rm -fr isodir
	rm -f os.bin

# Not a target:
boot/boot.asm:
#  Implicit rule search has been done.
#  Last modified 2022-06-06 21:07:10.331316493
#  File has been updated.
#  Successfully updated.

drivers/vgacon.o: drivers/vgacon.c
#  Implicit rule search has been done.
#  Implicit/static pattern stem: 'drivers/vgacon'
#  Last modified 2022-06-08 11:06:52.567608905
#  File has been updated.
#  Successfully updated.
#  recipe to execute (from 'Makefile', line 20):
	$(CC) $(CFLAGS) $< -o $@

boot/boot.o: boot/boot.asm
#  Implicit rule search has been done.
#  Implicit/static pattern stem: 'boot/boot'
#  Last modified 2022-06-08 11:06:52.291612534
#  File has been updated.
#  Successfully updated.
#  recipe to execute (from 'Makefile', line 23):
	$(AS) $(ASFLAGS) $< -o $@

drivers/keyboard.o: drivers/keyboard.c
#  Implicit rule search has been done.
#  Implicit/static pattern stem: 'drivers/keyboard'
#  Last modified 2022-06-08 11:06:52.499609798
#  File has been updated.
#  Successfully updated.
#  recipe to execute (from 'Makefile', line 20):
	$(CC) $(CFLAGS) $< -o $@

drivers/mouse.o: drivers/mouse.c
#  Implicit rule search has been done.
#  Implicit/static pattern stem: 'drivers/mouse'
#  Last modified 2022-06-08 11:06:52.527609429
#  File has been updated.
#  Successfully updated.
#  recipe to execute (from 'Makefile', line 20):
	$(CC) $(CFLAGS) $< -o $@

kernel/platform/platform.o: kernel/platform/platform.c
#  Implicit rule search has been done.
#  Implicit/static pattern stem: 'kernel/platform/platform'
#  Last modified 2022-06-08 11:06:52.387611271
#  File has been updated.
#  Successfully updated.
#  recipe to execute (from 'Makefile', line 20):
	$(CC) $(CFLAGS) $< -o $@

drivers/hda.o: drivers/hda.c
#  Implicit rule search has been done.
#  Implicit/static pattern stem: 'drivers/hda'
#  Last modified 2022-06-08 11:06:52.72360685
 
#  File has been updated.
#  Successfully updated.
#  recipe to execute (from 'Makefile', line 20):
	$(CC) $(CFLAGS) $< -o $@

# Not a target:
kernel/panic.c:
#  Implicit rule search has been done.
#  Last modified 2022-06-06 21:07:10.399315934
#  File has been updated.
#  Successfully updated.

drivers/rtl8139.o: drivers/rtl8139.c
#  Implicit rule search has been done.
#  Implicit/static pattern stem: 'drivers/rtl8139'
#  Last modified 2022-06-08 11:06:52.711607009
#  File has been updated.
#  Successfully updated.
#  recipe to execute (from 'Makefile', line 20):
	$(CC) $(CFLAGS) $< -o $@

# Not a target:
drivers/ata.c:
#  Implicit rule search has been done.
#  Last modified 2022-06-06 21:07:10.331316493
#  File has been updated.
#  Successfully updated.

init/main.o: init/main.c
#  Implicit rule search has been done.
#  Implicit/static pattern stem: 'init/main'
#  Last modified 2022-06-08 11:06:52.767606272
#  File has been updated.
#  Successfully updated.
#  recipe to execute (from 'Makefile', line 20):
	$(CC) $(CFLAGS) $< -o $@

# Not a target:
kernel/platform/smbios.c:
#  Implicit rule search has been done.
#  Last modified 2022-06-06 21:07:10.399315934
#  File has been updated.
#  Successfully updated.

# Not a target:
libc/string.c:
#  Implicit rule search has been done.
#  Last modified 2022-06-06 21:07:10.399315934
#  File has been updated.
#  Successfully updated.

# Not a target:
kernel/int_handler.asm:
#  Implicit rule search has been done.
#  Last modified 2022-06-06 21:07:10.399315934
#  File has been updated.
#  Successfully updated.

lib/gui/core/direct.o: lib/gui/core/direct.c
#  Implicit rule search has been done.
#  Implicit/static pattern stem: 'lib/gui/core/direct'
#  Last modified 2022-06-08 11:06:52.567608905
#  File has been updated.
#  Successfully updated.
#  recipe to execute (from 'Makefile', line 20):
	$(CC) $(CFLAGS) $< -o $@

# Not a target:
.DEFAULT:
#  Implicit rule search has not been done.
#  Modification time never checked.
#  File has not been updated.

kernel/gdt_setup.o: kernel/gdt_setup.asm
#  Implicit rule search has been done.
#  Implicit/static pattern stem: 'kernel/gdt_setup'
#  Last modified 2022-06-08 11:06:52.455610376
#  File has been updated.
#  Successfully updated.
#  recipe to execute (from 'Makefile', line 23):
	$(AS) $(ASFLAGS) $< -o $@

# Not a target:
drivers/rtc.c:
#  Implicit rule search has been done.
#  Last modified 2022-06-06 21:07:10.331316493
#  File has been updated.
#  Successfully updated.

all: os.iso
#  Command line target.
#  Implicit rule search has been done.
#  File does not exist.
#  File has been updated.
#  Successfully updated.

libc/string.o: libc/string.c
#  Implicit rule search has been done.
#  Implicit/static pattern stem: 'libc/string'
#  Last modified 2022-06-08 11:06:52.33161201
#  File has been updated.
#  Successfully updated.
#  recipe to execute (from 'Makefile', line 20):
	$(CC) $(CFLAGS) $< -o $@

# Not a target:
init/main.c:
#  Implicit rule search has been done.
#  Last modified 2022-06-06 21:07:10.399315934
#  File has been updated.
#  Successfully updated.

drivers/pit.o: drivers/pit.c
#  Implicit rule search has been done.
#  Implicit/static pattern stem: 'drivers/pit'
#  Last modified 2022-06-08 11:06:52.743606588
#  File has been updated.
#  Successfully updated.
#  recipe to execute (from 'Makefile', line 20):
	$(CC) $(CFLAGS) $< -o $@

# Not a target:
kernel/mem/pmm.c:
#  Implicit rule search has been done.
#  Last modified 2022-06-06 21:07:10.399315934
#  File has been updated.
#  Successfully updated.

run: os.iso
#  Implicit rule search has not been done.
#  Modification time never checked.
#  File has not been updated.
#  recipe to execute (from 'Makefile', line 41):
	$(QEMU) $(QEMUFLAGS) -cdrom os.iso

# Not a target:
kernel/gdt_setup.asm:
#  Implicit rule search has been done.
#  Last modified 2022-06-06 21:07:10.399315934
#  File has been updated.
#  Successfully updated.

lib/gui/window.o: lib/gui/window.c
#  Implicit rule search has been done.
#  Implicit/static pattern stem: 'lib/gui/window'
#  Last modified 2022-06-08 11:06:52.303612378
#  File has been updated.
#  Successfully updated.
#  recipe to execute (from 'Makefile', line 20):
	$(CC) $(CFLAGS) $< -o $@

drivers/ac97.o: drivers/ac97.c
#  Implicit rule search has been done.
#  Implicit/static pattern stem: 'drivers/ac97'
#  Last modified 2022-06-08 11:06:57.147548437
#  File has been updated.
 
#  Successfully updated.
#  recipe to execute (from 'Makefile', line 20):
	$(CC) $(CFLAGS) $< -o $@

kernel/platform/smbios.o: kernel/platform/smbios.c
#  Implicit rule search has been done.
#  Implicit/static pattern stem: 'kernel/platform/smbios'
#  Last modified 2022-06-08 11:06:52.407611008
#  File has been updated.
#  Successfully updated.
#  recipe to execute (from 'Makefile', line 20):
	$(CC) $(CFLAGS) $< -o $@

kernel/int_handler.o: kernel/int_handler.asm
#  Implicit rule search has been done.
#  Implicit/static pattern stem: 'kernel/int_handler'
#  Last modified 2022-06-08 11:06:52.335611954
#  File has been updated.
#  Successfully updated.
#  recipe to execute (from 'Makefile', line 23):
	$(AS) $(ASFLAGS) $< -o $@

kernel/net/arp.o: kernel/net/arp.c
#  Implicit rule search has been done.
#  Implicit/static pattern stem: 'kernel/net/arp'
#  Last modified 2022-06-08 11:06:52.40361106
#  File has been updated.
#  Successfully updated.
#  recipe to execute (from 'Makefile', line 20):
	$(CC) $(CFLAGS) $< -o $@

# Not a target:
kernel/platform/platform.c:
#  Implicit rule search has been done.
#  Last modified 2022-06-06 21:07:10.399315934
#  File has been updated.
#  Successfully updated.

# Not a target:
drivers/vgacon.c:
#  Implicit rule search has been done.
#  Last modified 2022-06-06 21:07:10.331316493
#  File has been updated.
#  Successfully updated.

# Not a target:
drivers/rtl8139.c:
#  Implicit rule search has been done.
#  Last modified 2022-06-06 21:07:10.331316493
#  File has been updated.
#  Successfully updated.

kernel/idt.o: kernel/idt.c
#  Implicit rule search has been done.
#  Implicit/static pattern stem: 'kernel/idt'
#  Last modified 2022-06-08 11:06:52.659607695
#  File has been updated.
#  Successfully updated.
#  recipe to execute (from 'Makefile', line 20):
	$(CC) $(CFLAGS) $< -o $@

kernel/irq.o: kernel/irq.c
#  Implicit rule search has been done.
#  Implicit/static pattern stem: 'kernel/irq'
#  Last modified 2022-06-08 11:06:52.35961164
#  File has been updated.
#  Successfully updated.
#  recipe to execute (from 'Makefile', line 20):
	$(CC) $(CFLAGS) $< -o $@

# Not a target:
kernel/gdt.c:
#  Implicit rule search has been done.
#  Last modified 2022-06-06 21:07:10.399315934
#  File has been updated.
#  Successfully updated.

# Not a target:
kernel/net/ip.c:
#  Implicit rule search has been done.
#  Last modified 2022-06-06 21:07:10.399315934
#  File has been updated.
#  Successfully updated.

drivers/serial.o: drivers/serial.c
#  Implicit rule search has been done.
#  Implicit/static pattern stem: 'drivers/serial'
#  Last modified 2022-06-08 11:06:52.755606429
#  File has been updated.
#  Successfully updated.
#  recipe to execute (from 'Makefile', line 20):
	$(CC) $(CFLAGS) $< -o $@

# Not a target:
kernel/idt.c:
#  Implicit rule search has been done.
#  Last modified 2022-06-06 21:07:10.399315934
#  File has been updated.
#  Successfully updated.

# Not a target:
kernel/irq.c:
#  Implicit rule search has been done.
#  Last modified 2022-06-06 21:07:10.399315934
#  File has been updated.
#  Successfully updated.

kernel/net/ethernet.o: kernel/net/ethernet.c
#  Implicit rule search has been done.
#  Implicit/static pattern stem: 'kernel/net/ethernet'
#  Last modified 2022-06-08 11:06:52.363611589
#  File has been updated.
#  Successfully updated.
#  recipe to execute (from 'Makefile', line 20):
	$(CC) $(CFLAGS) $< -o $@

kernel/panic.o: kernel/panic.c
#  Implicit rule search has been done.
#  Implicit/static pattern stem: 'kernel/panic'
#  Last modified 2022-06-08 11:06:52.439610587
#  File has been updated.
#  Successfully updated.
#  recipe to execute (from 'Makefile', line 20):
	$(CC) $(CFLAGS) $< -o $@

os.iso: os.bin
#  Implicit rule search has not been done.
#  Last modified 2022-06-08 11:06:57.267546844
#  File has been updated.
#  Successfully updated.
 
#  recipe to execute (from 'Makefile', line 29):
	mkdir -p isodir/boot/grub
	cp os.bin isodir/boot/os.bin
	cp grub.cfg isodir/boot/grub/grub.cfg
	grub-mkrescue -o os.iso isodir

kernel/gdt.o: kernel/gdt.c
#  Implicit rule search has been done.
#  Implicit/static pattern stem: 'kernel/gdt'
#  Last modified 2022-06-08 11:06:52.455610376
#  File has been updated.
#  Successfully updated.
#  recipe to execute (from 'Makefile', line 20):
	$(CC) $(CFLAGS) $< -o $@

# Not a target:
drivers/hda.c:
#  Implicit rule search has been done.
#  Last modified 2022-06-06 21:07:10.331316493
#  File has been updated.
#  Successfully updated.

kernel/debug.o: kernel/debug.c
#  Implicit rule search has been done.
#  Implicit/static pattern stem: 'kernel/debug'
#  Last modified 2022-06-08 11:06:52.439610587
#  File has been updated.
#  Successfully updated.
#  recipe to execute (from 'Makefile', line 20):
	$(CC) $(CFLAGS) $< -o $@

# Not a target:
libc/mm.c:
#  Implicit rule search has been done.
#  Last modified 2022-06-06 21:07:10.399315934
#  File has been updated.
#  Successfully updated.

drivers/ata.o: drivers/ata.c
#  Implicit rule search has been done.
#  Implicit/static pattern stem: 'drivers/ata'
#  Last modified 2022-06-08 11:06:52.719606903
#  File has been updated.
#  Successfully updated.
#  recipe to execute (from 'Makefile', line 20):
	$(CC) $(CFLAGS) $< -o $@

# Not a target:
drivers/mouse.c:
#  Implicit rule search has been done.
#  Last modified 2022-06-06 21:07:10.331316493
#  File has been updated.
#  Successfully updated.

os.bin: boot/boot.o lib/gui/core/direct.o lib/gui/window.o libc/mm.o libc/string.o kernel/fs/vfs.o kernel/fs/ext2.o kernel/int_handler.o kernel/irq.o kernel/net/ethernet.o kernel/net/arp.o kernel/net/ip.o kernel/platform/platform.o kernel/platform/smbios.o kernel/io.o kernel/debug.o kernel/idt.o kernel/panic.o kernel/gdt.o kernel/mem/pmm.o kernel/gdt_setup.o apps/desktop/desktop.o drivers/keyboard.o drivers/mouse.o drivers/vgacon.o drivers/hda.o drivers/pci.o drivers/ata.o drivers/rtl8139.o drivers/ac97.o drivers/rtc.o drivers/pit.o drivers/serial.o init/main.o
#  Implicit rule search has not been done.
#  Last modified 2022-06-08 11:06:57.163548222
#  File has been updated.
#  Successfully updated.
#  recipe to execute (from 'Makefile', line 26):
	$(LD) -T linker.ld $(LDFLAGS) $^ -o os.bin

# Not a target:
drivers/pit.c:
#  Implicit rule search has been done.
#  Last modified 2022-06-06 21:07:10.331316493
#  File has been updated.
#  Successfully updated.

# Not a target:
kernel/fs/ext2.c:
#  Implicit rule search has been done.
#  Last modified 2022-06-06 21:07:10.399315934
#  File has been updated.
#  Successfully updated.

# Not a target:
drivers/serial.c:
#  Implicit rule search has been done.
#  Last modified 2022-06-06 21:07:10.331316493
#  File has been updated.
#  Successfully updated.

# files hash-table stats:
# Load=76/1024=7%, Rehash=0, Collisions=9/230=4%
# VPATH Search Paths

# No 'vpath' search paths.

# No general ('VPATH' variable) search path.

# strcache buffers: 1 (0) / strings = 229 / storage = 2640 B / avg = 11 B
# current buf: size = 8162 B / used = 2640 B / count = 229 / avg = 11 B

# strcache performance: lookups = 308 / hit rate = 25%
# hash-table stats:
# Load=229/8192=3%, Rehash=0, Collisions=1/308=0%
# Finished Make data base on Wed Jun  8 11:31:38 2022

 
